make --dry-run --keep-going --print-directory
make: Entering directory '/home/bash/Projects/chameleon'
for i in hiberlite;do echo "	Build ($i)"; make -C tools/$i/src; done;
 
	Build (hiberlite)
 
make[1]: Entering directory '/home/bash/Projects/chameleon/tools/hiberlite/src'
make[1]: '../bin/libhiberlite.a' is up to date.
make[1]: Leaving directory '/home/bash/Projects/chameleon/tools/hiberlite/src'
 
for i in app chameleon-admin cmds conf db http models template urls utils views;do echo "	Build ($i)"; make -C src/$i; done;
 
	Build (app)
 
make[1]: Entering directory '/home/bash/Projects/chameleon/src/app'
echo 
make[1]: Leaving directory '/home/bash/Projects/chameleon/src/app'
 
	Build (chameleon-admin)
 
make[1]: Entering directory '/home/bash/Projects/chameleon/src/chameleon-admin'
echo 
make[1]: Leaving directory '/home/bash/Projects/chameleon/src/chameleon-admin'
 
	Build (cmds)
 
make[1]: Entering directory '/home/bash/Projects/chameleon/src/cmds'
echo 
make[1]: Leaving directory '/home/bash/Projects/chameleon/src/cmds'
 
	Build (conf)
 
make[1]: Entering directory '/home/bash/Projects/chameleon/src/conf'
echo 
make[1]: Leaving directory '/home/bash/Projects/chameleon/src/conf'
 
	Build (db)
 
make[1]: Entering directory '/home/bash/Projects/chameleon/src/db'
echo 
make[1]: Leaving directory '/home/bash/Projects/chameleon/src/db'
 
	Build (http)
 
make[1]: Entering directory '/home/bash/Projects/chameleon/src/http'
echo 
make[1]: Leaving directory '/home/bash/Projects/chameleon/src/http'
 
	Build (models)
 
make[1]: Entering directory '/home/bash/Projects/chameleon/src/models'
echo 
make[1]: Leaving directory '/home/bash/Projects/chameleon/src/models'
 
	Build (template)
 
make[1]: Entering directory '/home/bash/Projects/chameleon/src/template'
echo 
make[1]: Leaving directory '/home/bash/Projects/chameleon/src/template'
 
	Build (urls)
 
make[1]: Entering directory '/home/bash/Projects/chameleon/src/urls'
echo 
make[1]: Leaving directory '/home/bash/Projects/chameleon/src/urls'
 
	Build (utils)
 
make[1]: Entering directory '/home/bash/Projects/chameleon/src/utils'
echo 
make[1]: Leaving directory '/home/bash/Projects/chameleon/src/utils'
 
	Build (views)
 
make[1]: Entering directory '/home/bash/Projects/chameleon/src/views'
echo 
make[1]: Leaving directory '/home/bash/Projects/chameleon/src/views'
 
echo Building libchameleon.a
ar rcsv bin/libchameleon.a temp/*.o
 
echo Building chameleon-admin...
g++ src/main.cpp -Iinclude -Itools/hiberlite/include -w -Lbin -Ltools/hiberlite/bin -lchameleon -lhiberlite -lsqlite3 -lpthread -ldl -o bin/chameleon-admin -w -std=c++14
make: Leaving directory '/home/bash/Projects/chameleon'
 
